Using pre-set license
Pro License: NO

 COMMAND LINE ARGUMENTS:
/Applications/Unity/Hub/Editor/2021.1.12f1/Unity.app/Contents/MacOS/Unity
-adb2
-batchMode
-noUpm
-name
AssetImportWorker0
-projectPath
/Users/rkprajapati/Downloads/ArcadeCarController
-logFile
Logs/AssetImportWorker0.log
-srvPort
50071
Successfully changed project path to: /Users/rkprajapati/Downloads/ArcadeCarController
/Users/rkprajapati/Downloads/ArcadeCarController
Using Asset Import Pipeline V2.
Refreshing native plugins compatible for Editor in 127.20 ms, found 1 plugins.
Preloading 0 native plugins for Editor in 0.00 ms.
Initialize engine version: 2021.1.12f1 (afcadd793de6)
[Subsystems] Discovering subsystems at path /Applications/Unity/Hub/Editor/2021.1.12f1/Unity.app/Contents/Resources/UnitySubsystems
[Subsystems] Discovering subsystems at path /Users/rkprajapati/Downloads/ArcadeCarController/Assets
GfxDevice: creating device client; threaded=0; jobified=0
2021-07-28 10:26:34.614 Unity[1116:29420] Color LCD preferred device: Intel Iris Pro Graphics (low power)
2021-07-28 10:26:34.614 Unity[1116:29420] Metal devices available: 1
2021-07-28 10:26:34.614 Unity[1116:29420] 0: Intel Iris Pro Graphics (low power)
2021-07-28 10:26:34.616 Unity[1116:29420] Using device Intel Iris Pro Graphics (low power)
Initializing Metal device caps: Intel Iris Pro Graphics
Initialize mono
Mono path[0] = '/Applications/Unity/Hub/Editor/2021.1.12f1/Unity.app/Contents/Managed'
Mono path[1] = '/Applications/Unity/Hub/Editor/2021.1.12f1/Unity.app/Contents/MonoBleedingEdge/lib/mono/unityjit'
Mono config path = '/Applications/Unity/Hub/Editor/2021.1.12f1/Unity.app/Contents/MonoBleedingEdge/etc'
Using monoOptions --debugger-agent=transport=dt_socket,embedding=1,server=y,suspend=n,address=127.0.0.1:56116
Begin MonoManager ReloadAssembly
Registering precompiled unity dll's ...
Register platform support module: /Applications/Unity/Hub/Editor/2021.1.12f1/PlaybackEngines/WebGLSupport/UnityEditor.WebGL.Extensions.dll
Register platform support module: /Applications/Unity/Hub/Editor/2021.1.12f1/Unity.app/Contents/PlaybackEngines/MacStandaloneSupport/UnityEditor.OSXStandalone.Extensions.dll
Registered in 0.001096 seconds.
Native extension for OSXStandalone target not found
Native extension for WebGL target not found
Refreshing native plugins compatible for Editor in 108.72 ms, found 1 plugins.
Preloading 0 native plugins for Editor in 0.00 ms.
Mono: successfully reloaded assembly
- Completed reload, in  4.613 seconds
Domain Reload Profiling:
	ReloadAssembly (4613ms)
		BeginReloadAssembly (66ms)
			ExecutionOrderSort (0ms)
			DisableScriptedObjects (0ms)
			BackupInstance (0ms)
			ReleaseScriptingObjects (0ms)
			CreateAndSetChildDomain (1ms)
		EndReloadAssembly (933ms)
			LoadAssemblies (68ms)
			RebuildTransferFunctionScriptingTraits (0ms)
			SetupTypeCache (406ms)
			ReleaseScriptCaches (0ms)
			RebuildScriptCaches (61ms)
			SetupLoadedEditorAssemblies (383ms)
				LogAssemblyErrors (0ms)
				InitializePlatformSupportModulesInManaged (13ms)
				SetLoadedEditorAssemblies (0ms)
				RefreshPlugins (109ms)
				BeforeProcessingInitializeOnLoad (4ms)
				ProcessInitializeOnLoadAttributes (205ms)
				ProcessInitializeOnLoadMethodAttributes (52ms)
				AfterProcessingInitializeOnLoad (0ms)
				EditorAssembliesLoaded (0ms)
			ExecutionOrderSort2 (0ms)
			AwakeInstancesAfterBackupRestoration (0ms)
Platform modules already initialized, skipping
Registering precompiled user dll's ...
Registered in 0.003006 seconds.
Begin MonoManager ReloadAssembly
Symbol file LoadedFromMemory doesn't match image /Users/rkprajapati/Downloads/ArcadeCarController/Library/PackageCache/com.unity.visualscripting@1.6.1/Editor/VisualScripting.Core/Dependencies/YamlDotNet/Unity.VisualScripting.YamlDotNet.dll
Symbol file LoadedFromMemory doesn't match image /Users/rkprajapati/Downloads/ArcadeCarController/Library/PackageCache/com.unity.visualscripting@1.6.1/Editor/VisualScripting.Core/Dependencies/DotNetZip/Unity.VisualScripting.IonicZip.dll
Native extension for OSXStandalone target not found
Native extension for WebGL target not found
Refreshing native plugins compatible for Editor in 0.61 ms, found 1 plugins.
Preloading 0 native plugins for Editor in 0.00 ms.
Mono: successfully reloaded assembly
- Completed reload, in  1.568 seconds
Domain Reload Profiling:
	ReloadAssembly (1569ms)
		BeginReloadAssembly (262ms)
			ExecutionOrderSort (0ms)
			DisableScriptedObjects (9ms)
			BackupInstance (0ms)
			ReleaseScriptingObjects (0ms)
			CreateAndSetChildDomain (55ms)
		EndReloadAssembly (1197ms)
			LoadAssemblies (108ms)
			RebuildTransferFunctionScriptingTraits (0ms)
			SetupTypeCache (501ms)
			ReleaseScriptCaches (1ms)
			RebuildScriptCaches (97ms)
			SetupLoadedEditorAssemblies (322ms)
				LogAssemblyErrors (0ms)
				InitializePlatformSupportModulesInManaged (7ms)
				SetLoadedEditorAssemblies (1ms)
				RefreshPlugins (1ms)
				BeforeProcessingInitializeOnLoad (80ms)
				ProcessInitializeOnLoadAttributes (220ms)
				ProcessInitializeOnLoadMethodAttributes (10ms)
				AfterProcessingInitializeOnLoad (2ms)
				EditorAssembliesLoaded (0ms)
			ExecutionOrderSort2 (0ms)
			AwakeInstancesAfterBackupRestoration (12ms)
Platform modules already initialized, skipping
========================================================================
Worker process is ready to serve import requests
Launching external process: /Applications/Unity/Hub/Editor/2021.1.12f1/Unity.app/Contents/Tools/UnityShaderCompiler
Launched and connected shader compiler UnityShaderCompiler after 0.03 seconds
Refreshing native plugins compatible for Editor in 0.70 ms, found 1 plugins.
Preloading 0 native plugins for Editor in 0.00 ms.
Unloading 2431 Unused Serialized files (Serialized files now loaded: 0)
System memory in use before: 169.2 MB.
System memory in use after: 169.4 MB.

Unloading 20 unused Assets to reduce memory usage. Loaded Objects now: 2884.
Total: 3.249231 ms (FindLiveObjects: 0.266895 ms CreateObjectMapping: 0.145026 ms MarkObjects: 2.751345 ms  DeleteObjects: 0.084535 ms)

AssetImportParameters requested are different than current active one (requested -> active):
  custom:video-decoder-ogg-theora: a1e56fd34408186e4bbccfd4996cb3dc -> 
  custom:container-muxer-webm: aa71ff27fc2769a1b78a27578f13a17b -> 
  custom:container-demuxer-webm: 4f35f7cbe854078d1ac9338744f61a02 -> 
  custom:container-demuxer-ogg: 62fdf1f143b41e24485cea50d1cbac27 -> 
  custom:video-encoder-webm-vp8: eb34c28f22e8b96e1ab97ce403110664 -> 
  custom:framework-osx-AVFoundation: e770b220cccbd017edd2c1fefb359320 -> 
  custom:video-decoder-webm-vp8: 9c59270c3fd7afecdb556c50c9e8de78 -> 
  custom:audio-decoder-ogg-vorbis: bf7c407c2cedff20999df2af8eb42d56 -> 
  custom:audio-encoder-webm-vorbis: bf7c407c2cedff20999df2af8eb42d56 -> 
========================================================================
Received Prepare
Refreshing native plugins compatible for Editor in 5.34 ms, found 1 plugins.
Preloading 0 native plugins for Editor in 0.00 ms.
Unloading 13 Unused Serialized files (Serialized files now loaded: 0)
System memory in use before: 119.6 MB.
System memory in use after: 119.9 MB.

Unloading 13 unused Assets to reduce memory usage. Loaded Objects now: 2884.
Total: 2.494675 ms (FindLiveObjects: 0.258946 ms CreateObjectMapping: 0.113949 ms MarkObjects: 2.108137 ms  DeleteObjects: 0.012719 ms)

AssetImportParameters requested are different than current active one (requested -> active):
  custom:video-decoder-ogg-theora: a1e56fd34408186e4bbccfd4996cb3dc -> 
  custom:container-muxer-webm: aa71ff27fc2769a1b78a27578f13a17b -> 
  custom:container-demuxer-webm: 4f35f7cbe854078d1ac9338744f61a02 -> 
  custom:container-demuxer-ogg: 62fdf1f143b41e24485cea50d1cbac27 -> 
  custom:video-encoder-webm-vp8: eb34c28f22e8b96e1ab97ce403110664 -> 
  custom:framework-osx-AVFoundation: e770b220cccbd017edd2c1fefb359320 -> 
  custom:video-decoder-webm-vp8: 9c59270c3fd7afecdb556c50c9e8de78 -> 
  custom:audio-decoder-ogg-vorbis: bf7c407c2cedff20999df2af8eb42d56 -> 
  custom:audio-encoder-webm-vorbis: bf7c407c2cedff20999df2af8eb42d56 -> 
========================================================================
Received Import Request.
  path: Assets/Photon
  artifactKey: Guid(98951132346795f438babe7a3183da43) Importer(815301076,1909f56bfc062723c751e8b465ee728b)
Start importing Assets/Photon using Guid(98951132346795f438babe7a3183da43) Importer(815301076,1909f56bfc062723c751e8b465ee728b)  -> (artifact id: 'f1844fb2484027392bdeedc942fd0b90') in 0.005997 seconds 
========================================================================
Received Import Request.
  Time since last request: 231.237939 seconds.
  path: Assets/ACC_Multiplayer/Materials/World/Particles01.mat
  artifactKey: Guid(460b530b786f9494b9ab2df30d5aea02) Importer(815301076,1909f56bfc062723c751e8b465ee728b)
Start importing Assets/ACC_Multiplayer/Materials/World/Particles01.mat using Guid(460b530b786f9494b9ab2df30d5aea02) Importer(815301076,1909f56bfc062723c751e8b465ee728b)  -> (artifact id: 'ce2cd3f4ca5bbb283467d319ff9fad79') in 1.576219 seconds 
========================================================================
Received Import Request.
  Time since last request: 9.783075 seconds.
  path: Assets/Plugins
  artifactKey: Guid(575651ebc87dd4ad3b3892c8a812ea83) Importer(815301076,1909f56bfc062723c751e8b465ee728b)
Start importing Assets/Plugins using Guid(575651ebc87dd4ad3b3892c8a812ea83) Importer(815301076,1909f56bfc062723c751e8b465ee728b)  -> (artifact id: '387bae5d816adc5a5c925ba149176715') in 0.001257 seconds 
========================================================================
Received Import Request.
  Time since last request: 10.804274 seconds.
  path: Assets/ACC_Multiplayer/Scenes/RaceTrack.unity
  artifactKey: Guid(4854a3fd49b9bfc4d92015809f70203a) Importer(815301076,1909f56bfc062723c751e8b465ee728b)
Start importing Assets/ACC_Multiplayer/Scenes/RaceTrack.unity using Guid(4854a3fd49b9bfc4d92015809f70203a) Importer(815301076,1909f56bfc062723c751e8b465ee728b)  -> (artifact id: '7bfdb4999b29f4be684b71982cf14b7d') in 0.001833 seconds 
========================================================================
Received Import Request.
  Time since last request: 3.685651 seconds.
  path: Assets/ACC_Multiplayer/Scenes/EmptyScene.unity
  artifactKey: Guid(cf04e27c30984744f957b1e85a3fe4f8) Importer(815301076,1909f56bfc062723c751e8b465ee728b)
Start importing Assets/ACC_Multiplayer/Scenes/EmptyScene.unity using Guid(cf04e27c30984744f957b1e85a3fe4f8) Importer(815301076,1909f56bfc062723c751e8b465ee728b)  -> (artifact id: '00d9d3d7db40cf4151b6ebb3b6bbf737') in 0.001485 seconds 
========================================================================
Received Import Request.
  Time since last request: 1.065078 seconds.
  path: Assets/ACC_Multiplayer/Scenes/MainMenuScene.unity
  artifactKey: Guid(b8c98a3ff806355449e8a355b2fe7df7) Importer(815301076,1909f56bfc062723c751e8b465ee728b)
Start importing Assets/ACC_Multiplayer/Scenes/MainMenuScene.unity using Guid(b8c98a3ff806355449e8a355b2fe7df7) Importer(815301076,1909f56bfc062723c751e8b465ee728b)  -> (artifact id: '518b5d1c67649142b35cd67f800d130f') in 0.003002 seconds 
========================================================================
Received Import Request.
  Time since last request: 1.230129 seconds.
  path: Assets/ACC_Multiplayer/Scenes/PortForDrift.unity
  artifactKey: Guid(6073bca69f4b15d42a46ca19a192b549) Importer(815301076,1909f56bfc062723c751e8b465ee728b)
Start importing Assets/ACC_Multiplayer/Scenes/PortForDrift.unity using Guid(6073bca69f4b15d42a46ca19a192b549) Importer(815301076,1909f56bfc062723c751e8b465ee728b)  -> (artifact id: '4ea9b0433026b38d3394a7cd4a30404a') in 0.002942 seconds 
========================================================================
Received Import Request.
  Time since last request: 2.146576 seconds.
  path: Assets/ACC_Multiplayer/Scenes/PortForRace.unity
  artifactKey: Guid(0c3de3b7e6c8eb64fa4ff3ff2d3de403) Importer(815301076,1909f56bfc062723c751e8b465ee728b)
Start importing Assets/ACC_Multiplayer/Scenes/PortForRace.unity using Guid(0c3de3b7e6c8eb64fa4ff3ff2d3de403) Importer(815301076,1909f56bfc062723c751e8b465ee728b)  -> (artifact id: '3129227fcd482ffe358e6e22d4c5ba4e') in 0.003680 seconds 
========================================================================
Received Import Request.
  Time since last request: 0.984050 seconds.
  path: Assets/ACC_Multiplayer/Scenes/Regimes
  artifactKey: Guid(d2e1df40137bdb84e897b98a7f1b1fc9) Importer(815301076,1909f56bfc062723c751e8b465ee728b)
Start importing Assets/ACC_Multiplayer/Scenes/Regimes using Guid(d2e1df40137bdb84e897b98a7f1b1fc9) Importer(815301076,1909f56bfc062723c751e8b465ee728b)  -> (artifact id: 'b9047ac655d5a974d987d7f41810895b') in 0.002606 seconds 
========================================================================
Received Import Request.
  Time since last request: 0.956191 seconds.
  path: Assets/ACC_Multiplayer/Scenes/Regimes/DriftRegimeScene.unity
  artifactKey: Guid(03a646b2861514d48a6a642744db3d64) Importer(815301076,1909f56bfc062723c751e8b465ee728b)
Start importing Assets/ACC_Multiplayer/Scenes/Regimes/DriftRegimeScene.unity using Guid(03a646b2861514d48a6a642744db3d64) Importer(815301076,1909f56bfc062723c751e8b465ee728b)  -> (artifact id: '798ae990638de379d4100decbfc833bb') in 0.003020 seconds 
========================================================================
Received Import Request.
  Time since last request: 2.326010 seconds.
  path: Assets/ACC_Multiplayer/Scenes/Regimes/RaceRegimeScene.unity
  artifactKey: Guid(6041af57b36d04d478626ba10727273e) Importer(815301076,1909f56bfc062723c751e8b465ee728b)
Start importing Assets/ACC_Multiplayer/Scenes/Regimes/RaceRegimeScene.unity using Guid(6041af57b36d04d478626ba10727273e) Importer(815301076,1909f56bfc062723c751e8b465ee728b)  -> (artifact id: 'b0ca4ea53405596a75aec31216d0294c') in 0.003215 seconds 
========================================================================
Received Import Request.
  Time since last request: 280.123036 seconds.
  path: Assets/ACC_Multiplayer/Animations
  artifactKey: Guid(1347c7b9b995636439e49bd7947ea15f) Importer(815301076,1909f56bfc062723c751e8b465ee728b)
Start importing Assets/ACC_Multiplayer/Animations using Guid(1347c7b9b995636439e49bd7947ea15f) Importer(815301076,1909f56bfc062723c751e8b465ee728b)  -> (artifact id: 'bdb0ac5cc26cb459bd4e73262eb11c64') in 0.002596 seconds 
========================================================================
Received Import Request.
  Time since last request: 0.937306 seconds.
  path: Assets/ACC_Multiplayer/Prefabs
  artifactKey: Guid(c881e85a285535745b5f72105cfdbdc7) Importer(815301076,1909f56bfc062723c751e8b465ee728b)
Start importing Assets/ACC_Multiplayer/Prefabs using Guid(c881e85a285535745b5f72105cfdbdc7) Importer(815301076,1909f56bfc062723c751e8b465ee728b)  -> (artifact id: '9b3bbec295201e8290a790a44ba377fb') in 0.002722 seconds 
========================================================================
Received Import Request.
  Time since last request: 1.182667 seconds.
  path: Assets/ACC_Multiplayer/Prefabs/Cars
  artifactKey: Guid(6bf0cd11890b76f44ae7f00e8bf04be1) Importer(815301076,1909f56bfc062723c751e8b465ee728b)
Start importing Assets/ACC_Multiplayer/Prefabs/Cars using Guid(6bf0cd11890b76f44ae7f00e8bf04be1) Importer(815301076,1909f56bfc062723c751e8b465ee728b)  -> (artifact id: 'c6b9ccc4e0262bad2e36b40133775a7b') in 0.001623 seconds 
========================================================================
Received Import Request.
  Time since last request: 0.697119 seconds.
  path: Assets/ACC_Multiplayer/Prefabs/Cars/Resources
  artifactKey: Guid(ce9efde95c7e61d458d4c43c1a7fbf3a) Importer(815301076,1909f56bfc062723c751e8b465ee728b)
Start importing Assets/ACC_Multiplayer/Prefabs/Cars/Resources using Guid(ce9efde95c7e61d458d4c43c1a7fbf3a) Importer(815301076,1909f56bfc062723c751e8b465ee728b)  -> (artifact id: '8b240dca0029e9feb1c0c3848f5c6320') in 0.002914 seconds 
========================================================================
Received Import Request.
  Time since last request: 0.070555 seconds.
  path: Assets/ACC_Multiplayer/Prefabs/Cars/Resources/BMGv34.prefab
  artifactKey: Guid(e57669d5e5550504bbc781323cf06468) Importer(815301076,1909f56bfc062723c751e8b465ee728b)
Start importing Assets/ACC_Multiplayer/Prefabs/Cars/Resources/BMGv34.prefab using Guid(e57669d5e5550504bbc781323cf06468) Importer(815301076,1909f56bfc062723c751e8b465ee728b)  -> (artifact id: '49a2445a5d86d795e64f16d8bf48d349') in 0.618180 seconds 
========================================================================
Received Import Request.
  Time since last request: 0.000300 seconds.
  path: Assets/ACC_Multiplayer/Prefabs/Cars/Resources/Car_1.prefab
  artifactKey: Guid(e7c156ef6faa04191b1f32cba81ef96f) Importer(815301076,1909f56bfc062723c751e8b465ee728b)
Start importing Assets/ACC_Multiplayer/Prefabs/Cars/Resources/Car_1.prefab using Guid(e7c156ef6faa04191b1f32cba81ef96f) Importer(815301076,1909f56bfc062723c751e8b465ee728b)  -> (artifact id: '15c1cbf009ff397ee18c4fa2f9e7ef80') in 0.019348 seconds 
========================================================================
Received Import Request.
  Time since last request: 0.000229 seconds.
  path: Assets/ACC_Multiplayer/Prefabs/Cars/Resources/MuscleCar_1969.prefab
  artifactKey: Guid(771c67a3bcfd2e845a89c1fc3bbe5047) Importer(815301076,1909f56bfc062723c751e8b465ee728b)
Start importing Assets/ACC_Multiplayer/Prefabs/Cars/Resources/MuscleCar_1969.prefab using Guid(771c67a3bcfd2e845a89c1fc3bbe5047) Importer(815301076,1909f56bfc062723c751e8b465ee728b)  -> (artifact id: '12592121002811cc8acd44e9d201319f') in 0.026830 seconds 
========================================================================
Received Import Request.
  Time since last request: 0.000314 seconds.
  path: Assets/ACC_Multiplayer/Prefabs/Cars/Resources/PG86_Mk2.prefab
  artifactKey: Guid(f8797e67cabbde246844ad40dd7bb0a8) Importer(815301076,1909f56bfc062723c751e8b465ee728b)
Start importing Assets/ACC_Multiplayer/Prefabs/Cars/Resources/PG86_Mk2.prefab using Guid(f8797e67cabbde246844ad40dd7bb0a8) Importer(815301076,1909f56bfc062723c751e8b465ee728b)  -> (artifact id: 'b1898a0225742566314427b140a14888') in 0.022999 seconds 
========================================================================
Received Import Request.
  Time since last request: 0.000212 seconds.
  path: Assets/ACC_Multiplayer/Prefabs/Cars/Resources/SunLineGTE.prefab
  artifactKey: Guid(6dbbdf74c58f1484db2e0830a35d24e2) Importer(815301076,1909f56bfc062723c751e8b465ee728b)
Start importing Assets/ACC_Multiplayer/Prefabs/Cars/Resources/SunLineGTE.prefab using Guid(6dbbdf74c58f1484db2e0830a35d24e2) Importer(815301076,1909f56bfc062723c751e8b465ee728b)  -> (artifact id: '1d75d1b33a31a95e800c2a5c3ce56c64') in 0.025839 seconds 
========================================================================
Received Import Request.
  Time since last request: 27.393770 seconds.
  path: Assets/ACC_Multiplayer/Prefabs/Cars/Resources/Car_1.prefab
  artifactKey: Guid(e7c156ef6faa04191b1f32cba81ef96f) Importer(815301076,1909f56bfc062723c751e8b465ee728b)
Start importing Assets/ACC_Multiplayer/Prefabs/Cars/Resources/Car_1.prefab using Guid(e7c156ef6faa04191b1f32cba81ef96f) Importer(815301076,1909f56bfc062723c751e8b465ee728b)  -> (artifact id: 'fa054c45785267937a1417a51357c58b') in 0.015088 seconds 
========================================================================
Received Prepare
Registering precompiled user dll's ...
Registered in 0.006201 seconds.
Begin MonoManager ReloadAssembly
Symbol file LoadedFromMemory doesn't match image /Users/rkprajapati/Downloads/ArcadeCarController/Library/PackageCache/com.unity.visualscripting@1.6.1/Editor/VisualScripting.Core/Dependencies/YamlDotNet/Unity.VisualScripting.YamlDotNet.dll
Symbol file LoadedFromMemory doesn't match image /Users/rkprajapati/Downloads/ArcadeCarController/Library/PackageCache/com.unity.visualscripting@1.6.1/Editor/VisualScripting.Core/Dependencies/DotNetZip/Unity.VisualScripting.IonicZip.dll
Native extension for OSXStandalone target not found
Native extension for WebGL target not found
Refreshing native plugins compatible for Editor in 0.72 ms, found 1 plugins.
Preloading 0 native plugins for Editor in 0.00 ms.
Mono: successfully reloaded assembly
- Completed reload, in  1.331 seconds
Domain Reload Profiling:
	ReloadAssembly (1331ms)
		BeginReloadAssembly (168ms)
			ExecutionOrderSort (0ms)
			DisableScriptedObjects (6ms)
			BackupInstance (0ms)
			ReleaseScriptingObjects (0ms)
			CreateAndSetChildDomain (82ms)
		EndReloadAssembly (1066ms)
			LoadAssemblies (125ms)
			RebuildTransferFunctionScriptingTraits (0ms)
			SetupTypeCache (441ms)
			ReleaseScriptCaches (1ms)
			RebuildScriptCaches (62ms)
			SetupLoadedEditorAssemblies (274ms)
				LogAssemblyErrors (0ms)
				InitializePlatformSupportModulesInManaged (7ms)
				SetLoadedEditorAssemblies (1ms)
				RefreshPlugins (1ms)
				BeforeProcessingInitializeOnLoad (52ms)
				ProcessInitializeOnLoadAttributes (199ms)
				ProcessInitializeOnLoadMethodAttributes (12ms)
				AfterProcessingInitializeOnLoad (2ms)
				EditorAssembliesLoaded (0ms)
			ExecutionOrderSort2 (0ms)
			AwakeInstancesAfterBackupRestoration (10ms)
Platform modules already initialized, skipping
Refreshing native plugins compatible for Editor in 0.59 ms, found 1 plugins.
Preloading 0 native plugins for Editor in 0.00 ms.
Unloading 2409 Unused Serialized files (Serialized files now loaded: 0)
System memory in use before: 181.5 MB.
System memory in use after: 181.8 MB.

Unloading 17 unused Assets to reduce memory usage. Loaded Objects now: 2928.
Total: 2.481356 ms (FindLiveObjects: 0.271647 ms CreateObjectMapping: 0.104738 ms MarkObjects: 2.074753 ms  DeleteObjects: 0.029238 ms)

AssetImportParameters requested are different than current active one (requested -> active):
  custom:video-decoder-ogg-theora: a1e56fd34408186e4bbccfd4996cb3dc -> 
  custom:container-muxer-webm: aa71ff27fc2769a1b78a27578f13a17b -> 
  custom:container-demuxer-webm: 4f35f7cbe854078d1ac9338744f61a02 -> 
  custom:container-demuxer-ogg: 62fdf1f143b41e24485cea50d1cbac27 -> 
  custom:video-encoder-webm-vp8: eb34c28f22e8b96e1ab97ce403110664 -> 
  custom:framework-osx-AVFoundation: e770b220cccbd017edd2c1fefb359320 -> 
  custom:video-decoder-webm-vp8: 9c59270c3fd7afecdb556c50c9e8de78 -> 
  custom:audio-decoder-ogg-vorbis: bf7c407c2cedff20999df2af8eb42d56 -> 
  custom:audio-encoder-webm-vorbis: bf7c407c2cedff20999df2af8eb42d56 -> 
